
*** Running vivado
    with args -log re2_copro_zynq_ultra_ps_e_0_0.vds -m64 -product Vivado -mode batch -messageDb vivado.pb -notrace -source re2_copro_zynq_ultra_ps_e_0_0.tcl


****** Vivado v2019.2 (64-bit)
  **** SW Build 2708876 on Wed Nov  6 21:40:23 MST 2019
  **** IP Build 2700528 on Thu Nov  7 00:09:20 MST 2019
    ** Copyright 1986-2019 Xilinx, Inc. All Rights Reserved.

source re2_copro_zynq_ultra_ps_e_0_0.tcl -notrace
create_project: Time (s): cpu = 00:00:05 ; elapsed = 00:00:09 . Memory (MB): peak = 442.707 ; gain = 152.047
INFO: [IP_Flow 19-234] Refreshing IP repositories
INFO: [IP_Flow 19-1700] Loaded user IP repository 'c:/Users/danie/Documents/GitHub/regex_coprocessor_safe/proj/ip_repo/re2_copro_1'.
WARNING: [IP_Flow 19-2248] Failed to load user IP repository 'c:/Users/danie/Documents/GitHub/regex_coprocessor_safe/proj/ip_repo/re2_copro_1.0'; Can't find the specified path.
If this directory should no longer be in your list of user repositories, go to the IP Settings dialog and remove it.
INFO: [IP_Flow 19-2313] Loaded Vivado IP repository 'C:/Xilinx/Vivado/2019.2/data/ip'.
update_ip_catalog: Time (s): cpu = 00:00:04 ; elapsed = 00:00:06 . Memory (MB): peak = 482.746 ; gain = 40.039
WARNING: [IP_Flow 19-4995] The host OS only allows 260 characters in a normal path. The IP cache path is more than 80 characters. If you experience issues with IP caching, please consider changing the IP cache to a location with a shorter path. Alternately consider using the OS subst command to map part of the path to a drive letter. 
Current IP cache path is c:/Users/danie/Documents/GitHub/regex_coprocessor_safe/proj/regex_copro/regex_copro.cache/ip 
Command: synth_design -top re2_copro_zynq_ultra_ps_e_0_0 -part xczu3eg-sbva484-1-i -mode out_of_context
Starting synth_design
Attempting to get a license for feature 'Synthesis' and/or device 'xczu3eg'
INFO: [Common 17-349] Got license for feature 'Synthesis' and/or device 'xczu3eg'
INFO: [Device 21-403] Loading part xczu3eg-sbva484-1-i
INFO: Launching helper process for spawning children vivado processes
INFO: Helper process launched with PID 5104 
---------------------------------------------------------------------------------
Starting RTL Elaboration : Time (s): cpu = 00:00:07 ; elapsed = 00:00:09 . Memory (MB): peak = 1449.145 ; gain = 54.453
---------------------------------------------------------------------------------
INFO: [Synth 8-6157] synthesizing module 're2_copro_zynq_ultra_ps_e_0_0' [c:/Users/danie/Documents/GitHub/regex_coprocessor_safe/proj/regex_copro/regex_copro.srcs/sources_1/bd/re2_copro/ip/re2_copro_zynq_ultra_ps_e_0_0/synth/re2_copro_zynq_ultra_ps_e_0_0.v:59]
INFO: [Synth 8-6157] synthesizing module 'zynq_ultra_ps_e_v3_3_1_zynq_ultra_ps_e' [c:/Users/danie/Documents/GitHub/regex_coprocessor_safe/proj/regex_copro/regex_copro.srcs/sources_1/bd/re2_copro/ip/re2_copro_zynq_ultra_ps_e_0_0/hdl/zynq_ultra_ps_e_v3_3_1.v:282]
	Parameter C_MAXIGP0_DATA_WIDTH bound to: 128 - type: integer 
	Parameter C_MAXIGP1_DATA_WIDTH bound to: 128 - type: integer 
	Parameter C_MAXIGP2_DATA_WIDTH bound to: 32 - type: integer 
	Parameter C_SAXIGP0_DATA_WIDTH bound to: 128 - type: integer 
	Parameter C_SAXIGP1_DATA_WIDTH bound to: 128 - type: integer 
	Parameter C_SAXIGP2_DATA_WIDTH bound to: 128 - type: integer 
	Parameter C_SAXIGP3_DATA_WIDTH bound to: 128 - type: integer 
	Parameter C_SAXIGP4_DATA_WIDTH bound to: 128 - type: integer 
	Parameter C_SAXIGP5_DATA_WIDTH bound to: 128 - type: integer 
	Parameter C_SAXIGP6_DATA_WIDTH bound to: 128 - type: integer 
	Parameter C_SD0_INTERNAL_BUS_WIDTH bound to: 4 - type: integer 
	Parameter C_SD1_INTERNAL_BUS_WIDTH bound to: 4 - type: integer 
	Parameter C_PL_CLK0_BUF bound to: TRUE - type: string 
	Parameter C_PL_CLK1_BUF bound to: FALSE - type: string 
	Parameter C_PL_CLK2_BUF bound to: FALSE - type: string 
	Parameter C_PL_CLK3_BUF bound to: FALSE - type: string 
	Parameter C_NUM_F2P_0_INTR_INPUTS bound to: 1 - type: integer 
	Parameter C_NUM_F2P_1_INTR_INPUTS bound to: 1 - type: integer 
	Parameter C_NUM_FABRIC_RESETS bound to: 1 - type: integer 
	Parameter C_EMIO_GPIO_WIDTH bound to: 1 - type: integer 
	Parameter C_USE_DIFF_RW_CLK_GP0 bound to: 0 - type: integer 
	Parameter C_USE_DIFF_RW_CLK_GP1 bound to: 0 - type: integer 
	Parameter C_USE_DIFF_RW_CLK_GP2 bound to: 0 - type: integer 
	Parameter C_USE_DIFF_RW_CLK_GP3 bound to: 0 - type: integer 
	Parameter C_USE_DIFF_RW_CLK_GP4 bound to: 0 - type: integer 
	Parameter C_USE_DIFF_RW_CLK_GP5 bound to: 0 - type: integer 
	Parameter C_USE_DIFF_RW_CLK_GP6 bound to: 0 - type: integer 
	Parameter C_TRACE_PIPELINE_WIDTH bound to: 8 - type: integer 
	Parameter C_EN_EMIO_TRACE bound to: 0 - type: integer 
	Parameter C_EN_FIFO_ENET0 bound to: 0 - type: string 
	Parameter C_EN_FIFO_ENET1 bound to: 0 - type: string 
	Parameter C_EN_FIFO_ENET2 bound to: 0 - type: string 
	Parameter C_EN_FIFO_ENET3 bound to: 0 - type: string 
	Parameter C_TRACE_DATA_WIDTH bound to: 32 - type: integer 
	Parameter C_USE_DEBUG_TEST bound to: 0 - type: integer 
	Parameter C_DP_USE_AUDIO bound to: 0 - type: integer 
	Parameter C_DP_USE_VIDEO bound to: 0 - type: integer 
INFO: [Synth 8-5534] Detected attribute (* keep = "true" *) [c:/Users/danie/Documents/GitHub/regex_coprocessor_safe/proj/regex_copro/regex_copro.srcs/sources_1/bd/re2_copro/ip/re2_copro_zynq_ultra_ps_e_0_0/hdl/zynq_ultra_ps_e_v3_3_1.v:2316]
INFO: [Synth 8-5534] Detected attribute (* keep = "true" *) [c:/Users/danie/Documents/GitHub/regex_coprocessor_safe/proj/regex_copro/regex_copro.srcs/sources_1/bd/re2_copro/ip/re2_copro_zynq_ultra_ps_e_0_0/hdl/zynq_ultra_ps_e_v3_3_1.v:2317]
INFO: [Synth 8-6157] synthesizing module 'BUFG_PS' [C:/Xilinx/Vivado/2019.2/scripts/rt/data/unisim_comp.v:1299]
	Parameter SIM_DEVICE bound to: ULTRASCALE_PLUS - type: string 
	Parameter STARTUP_SYNC bound to: FALSE - type: string 
INFO: [Synth 8-6155] done synthesizing module 'BUFG_PS' (1#1) [C:/Xilinx/Vivado/2019.2/scripts/rt/data/unisim_comp.v:1299]
INFO: [Synth 8-6157] synthesizing module 'PS8' [C:/Xilinx/Vivado/2019.2/scripts/rt/data/unisim_comp.v:63170]
INFO: [Synth 8-6155] done synthesizing module 'PS8' (2#1) [C:/Xilinx/Vivado/2019.2/scripts/rt/data/unisim_comp.v:63170]
WARNING: [Synth 8-689] width (4) of port connection 'EMIOSDIO0DATAOUT' does not match port width (8) of module 'PS8' [c:/Users/danie/Documents/GitHub/regex_coprocessor_safe/proj/regex_copro/regex_copro.srcs/sources_1/bd/re2_copro/ip/re2_copro_zynq_ultra_ps_e_0_0/hdl/zynq_ultra_ps_e_v3_3_1.v:4646]
WARNING: [Synth 8-689] width (4) of port connection 'EMIOSDIO0DATAENA' does not match port width (8) of module 'PS8' [c:/Users/danie/Documents/GitHub/regex_coprocessor_safe/proj/regex_copro/regex_copro.srcs/sources_1/bd/re2_copro/ip/re2_copro_zynq_ultra_ps_e_0_0/hdl/zynq_ultra_ps_e_v3_3_1.v:4647]
WARNING: [Synth 8-689] width (4) of port connection 'EMIOSDIO1DATAOUT' does not match port width (8) of module 'PS8' [c:/Users/danie/Documents/GitHub/regex_coprocessor_safe/proj/regex_copro/regex_copro.srcs/sources_1/bd/re2_copro/ip/re2_copro_zynq_ultra_ps_e_0_0/hdl/zynq_ultra_ps_e_v3_3_1.v:4659]
WARNING: [Synth 8-689] width (4) of port connection 'EMIOSDIO1DATAENA' does not match port width (8) of module 'PS8' [c:/Users/danie/Documents/GitHub/regex_coprocessor_safe/proj/regex_copro/regex_copro.srcs/sources_1/bd/re2_copro/ip/re2_copro_zynq_ultra_ps_e_0_0/hdl/zynq_ultra_ps_e_v3_3_1.v:4660]
WARNING: [Synth 8-7023] instance 'PS8_i' of module 'PS8' has 1015 connections declared, but only 957 given [c:/Users/danie/Documents/GitHub/regex_coprocessor_safe/proj/regex_copro/regex_copro.srcs/sources_1/bd/re2_copro/ip/re2_copro_zynq_ultra_ps_e_0_0/hdl/zynq_ultra_ps_e_v3_3_1.v:3836]
WARNING: [Synth 8-3848] Net dp_audio_ref_clk in module/entity zynq_ultra_ps_e_v3_3_1_zynq_ultra_ps_e does not have driver. [c:/Users/danie/Documents/GitHub/regex_coprocessor_safe/proj/regex_copro/regex_copro.srcs/sources_1/bd/re2_copro/ip/re2_copro_zynq_ultra_ps_e_0_0/hdl/zynq_ultra_ps_e_v3_3_1.v:335]
WARNING: [Synth 8-3848] Net irq_ipi_pl_0 in module/entity zynq_ultra_ps_e_v3_3_1_zynq_ultra_ps_e does not have driver. [c:/Users/danie/Documents/GitHub/regex_coprocessor_safe/proj/regex_copro/regex_copro.srcs/sources_1/bd/re2_copro/ip/re2_copro_zynq_ultra_ps_e_0_0/hdl/zynq_ultra_ps_e_v3_3_1.v:1355]
WARNING: [Synth 8-3848] Net irq_ipi_pl_1 in module/entity zynq_ultra_ps_e_v3_3_1_zynq_ultra_ps_e does not have driver. [c:/Users/danie/Documents/GitHub/regex_coprocessor_safe/proj/regex_copro/regex_copro.srcs/sources_1/bd/re2_copro/ip/re2_copro_zynq_ultra_ps_e_0_0/hdl/zynq_ultra_ps_e_v3_3_1.v:1356]
WARNING: [Synth 8-3848] Net irq_ipi_pl_2 in module/entity zynq_ultra_ps_e_v3_3_1_zynq_ultra_ps_e does not have driver. [c:/Users/danie/Documents/GitHub/regex_coprocessor_safe/proj/regex_copro/regex_copro.srcs/sources_1/bd/re2_copro/ip/re2_copro_zynq_ultra_ps_e_0_0/hdl/zynq_ultra_ps_e_v3_3_1.v:1357]
WARNING: [Synth 8-3848] Net irq_ipi_pl_3 in module/entity zynq_ultra_ps_e_v3_3_1_zynq_ultra_ps_e does not have driver. [c:/Users/danie/Documents/GitHub/regex_coprocessor_safe/proj/regex_copro/regex_copro.srcs/sources_1/bd/re2_copro/ip/re2_copro_zynq_ultra_ps_e_0_0/hdl/zynq_ultra_ps_e_v3_3_1.v:1358]
INFO: [Synth 8-6155] done synthesizing module 'zynq_ultra_ps_e_v3_3_1_zynq_ultra_ps_e' (3#1) [c:/Users/danie/Documents/GitHub/regex_coprocessor_safe/proj/regex_copro/regex_copro.srcs/sources_1/bd/re2_copro/ip/re2_copro_zynq_ultra_ps_e_0_0/hdl/zynq_ultra_ps_e_v3_3_1.v:282]
WARNING: [Synth 8-7023] instance 'inst' of module 'zynq_ultra_ps_e_v3_3_1_zynq_ultra_ps_e' has 1491 connections declared, but only 1487 given [c:/Users/danie/Documents/GitHub/regex_coprocessor_safe/proj/regex_copro/regex_copro.srcs/sources_1/bd/re2_copro/ip/re2_copro_zynq_ultra_ps_e_0_0/synth/re2_copro_zynq_ultra_ps_e_0_0.v:359]
INFO: [Synth 8-6155] done synthesizing module 're2_copro_zynq_ultra_ps_e_0_0' (4#1) [c:/Users/danie/Documents/GitHub/regex_coprocessor_safe/proj/regex_copro/regex_copro.srcs/sources_1/bd/re2_copro/ip/re2_copro_zynq_ultra_ps_e_0_0/synth/re2_copro_zynq_ultra_ps_e_0_0.v:59]
WARNING: [Synth 8-3331] design zynq_ultra_ps_e_v3_3_1_zynq_ultra_ps_e has unconnected port dp_audio_ref_clk
WARNING: [Synth 8-3331] design zynq_ultra_ps_e_v3_3_1_zynq_ultra_ps_e has unconnected port irq_ipi_pl_0
WARNING: [Synth 8-3331] design zynq_ultra_ps_e_v3_3_1_zynq_ultra_ps_e has unconnected port irq_ipi_pl_1
WARNING: [Synth 8-3331] design zynq_ultra_ps_e_v3_3_1_zynq_ultra_ps_e has unconnected port irq_ipi_pl_2
WARNING: [Synth 8-3331] design zynq_ultra_ps_e_v3_3_1_zynq_ultra_ps_e has unconnected port irq_ipi_pl_3
WARNING: [Synth 8-3331] design zynq_ultra_ps_e_v3_3_1_zynq_ultra_ps_e has unconnected port saxihpc0_fpd_rclk
WARNING: [Synth 8-3331] design zynq_ultra_ps_e_v3_3_1_zynq_ultra_ps_e has unconnected port saxihpc0_fpd_wclk
WARNING: [Synth 8-3331] design zynq_ultra_ps_e_v3_3_1_zynq_ultra_ps_e has unconnected port saxihpc1_fpd_rclk
WARNING: [Synth 8-3331] design zynq_ultra_ps_e_v3_3_1_zynq_ultra_ps_e has unconnected port saxihpc1_fpd_wclk
WARNING: [Synth 8-3331] design zynq_ultra_ps_e_v3_3_1_zynq_ultra_ps_e has unconnected port saxihp0_fpd_rclk
WARNING: [Synth 8-3331] design zynq_ultra_ps_e_v3_3_1_zynq_ultra_ps_e has unconnected port saxihp0_fpd_wclk
WARNING: [Synth 8-3331] design zynq_ultra_ps_e_v3_3_1_zynq_ultra_ps_e has unconnected port saxihp1_fpd_rclk
WARNING: [Synth 8-3331] design zynq_ultra_ps_e_v3_3_1_zynq_ultra_ps_e has unconnected port saxihp1_fpd_wclk
WARNING: [Synth 8-3331] design zynq_ultra_ps_e_v3_3_1_zynq_ultra_ps_e has unconnected port saxihp2_fpd_rclk
WARNING: [Synth 8-3331] design zynq_ultra_ps_e_v3_3_1_zynq_ultra_ps_e has unconnected port saxihp2_fpd_wclk
WARNING: [Synth 8-3331] design zynq_ultra_ps_e_v3_3_1_zynq_ultra_ps_e has unconnected port saxihp3_fpd_rclk
WARNING: [Synth 8-3331] design zynq_ultra_ps_e_v3_3_1_zynq_ultra_ps_e has unconnected port saxihp3_fpd_wclk
WARNING: [Synth 8-3331] design zynq_ultra_ps_e_v3_3_1_zynq_ultra_ps_e has unconnected port saxi_lpd_rclk
WARNING: [Synth 8-3331] design zynq_ultra_ps_e_v3_3_1_zynq_ultra_ps_e has unconnected port saxi_lpd_wclk
WARNING: [Synth 8-3331] design zynq_ultra_ps_e_v3_3_1_zynq_ultra_ps_e has unconnected port sacefpd_awuser[15]
WARNING: [Synth 8-3331] design zynq_ultra_ps_e_v3_3_1_zynq_ultra_ps_e has unconnected port sacefpd_awuser[14]
WARNING: [Synth 8-3331] design zynq_ultra_ps_e_v3_3_1_zynq_ultra_ps_e has unconnected port sacefpd_awuser[13]
WARNING: [Synth 8-3331] design zynq_ultra_ps_e_v3_3_1_zynq_ultra_ps_e has unconnected port sacefpd_awuser[12]
WARNING: [Synth 8-3331] design zynq_ultra_ps_e_v3_3_1_zynq_ultra_ps_e has unconnected port sacefpd_awuser[11]
WARNING: [Synth 8-3331] design zynq_ultra_ps_e_v3_3_1_zynq_ultra_ps_e has unconnected port sacefpd_awuser[10]
WARNING: [Synth 8-3331] design zynq_ultra_ps_e_v3_3_1_zynq_ultra_ps_e has unconnected port sacefpd_awuser[9]
WARNING: [Synth 8-3331] design zynq_ultra_ps_e_v3_3_1_zynq_ultra_ps_e has unconnected port sacefpd_awuser[8]
WARNING: [Synth 8-3331] design zynq_ultra_ps_e_v3_3_1_zynq_ultra_ps_e has unconnected port sacefpd_awuser[7]
WARNING: [Synth 8-3331] design zynq_ultra_ps_e_v3_3_1_zynq_ultra_ps_e has unconnected port sacefpd_awuser[6]
WARNING: [Synth 8-3331] design zynq_ultra_ps_e_v3_3_1_zynq_ultra_ps_e has unconnected port sacefpd_aruser[15]
WARNING: [Synth 8-3331] design zynq_ultra_ps_e_v3_3_1_zynq_ultra_ps_e has unconnected port sacefpd_aruser[14]
WARNING: [Synth 8-3331] design zynq_ultra_ps_e_v3_3_1_zynq_ultra_ps_e has unconnected port sacefpd_aruser[13]
WARNING: [Synth 8-3331] design zynq_ultra_ps_e_v3_3_1_zynq_ultra_ps_e has unconnected port sacefpd_aruser[12]
WARNING: [Synth 8-3331] design zynq_ultra_ps_e_v3_3_1_zynq_ultra_ps_e has unconnected port sacefpd_aruser[11]
WARNING: [Synth 8-3331] design zynq_ultra_ps_e_v3_3_1_zynq_ultra_ps_e has unconnected port sacefpd_aruser[10]
WARNING: [Synth 8-3331] design zynq_ultra_ps_e_v3_3_1_zynq_ultra_ps_e has unconnected port sacefpd_aruser[9]
WARNING: [Synth 8-3331] design zynq_ultra_ps_e_v3_3_1_zynq_ultra_ps_e has unconnected port sacefpd_aruser[8]
WARNING: [Synth 8-3331] design zynq_ultra_ps_e_v3_3_1_zynq_ultra_ps_e has unconnected port sacefpd_aruser[7]
WARNING: [Synth 8-3331] design zynq_ultra_ps_e_v3_3_1_zynq_ultra_ps_e has unconnected port sacefpd_aruser[6]
WARNING: [Synth 8-3331] design zynq_ultra_ps_e_v3_3_1_zynq_ultra_ps_e has unconnected port test_adc_clk[3]
WARNING: [Synth 8-3331] design zynq_ultra_ps_e_v3_3_1_zynq_ultra_ps_e has unconnected port test_adc_clk[2]
WARNING: [Synth 8-3331] design zynq_ultra_ps_e_v3_3_1_zynq_ultra_ps_e has unconnected port test_adc_clk[1]
WARNING: [Synth 8-3331] design zynq_ultra_ps_e_v3_3_1_zynq_ultra_ps_e has unconnected port test_adc_clk[0]
WARNING: [Synth 8-3331] design zynq_ultra_ps_e_v3_3_1_zynq_ultra_ps_e has unconnected port test_adc_in[31]
WARNING: [Synth 8-3331] design zynq_ultra_ps_e_v3_3_1_zynq_ultra_ps_e has unconnected port test_adc_in[30]
WARNING: [Synth 8-3331] design zynq_ultra_ps_e_v3_3_1_zynq_ultra_ps_e has unconnected port test_adc_in[29]
WARNING: [Synth 8-3331] design zynq_ultra_ps_e_v3_3_1_zynq_ultra_ps_e has unconnected port test_adc_in[28]
WARNING: [Synth 8-3331] design zynq_ultra_ps_e_v3_3_1_zynq_ultra_ps_e has unconnected port test_adc_in[27]
WARNING: [Synth 8-3331] design zynq_ultra_ps_e_v3_3_1_zynq_ultra_ps_e has unconnected port test_adc_in[26]
WARNING: [Synth 8-3331] design zynq_ultra_ps_e_v3_3_1_zynq_ultra_ps_e has unconnected port test_adc_in[25]
WARNING: [Synth 8-3331] design zynq_ultra_ps_e_v3_3_1_zynq_ultra_ps_e has unconnected port test_adc_in[24]
WARNING: [Synth 8-3331] design zynq_ultra_ps_e_v3_3_1_zynq_ultra_ps_e has unconnected port test_adc_in[23]
WARNING: [Synth 8-3331] design zynq_ultra_ps_e_v3_3_1_zynq_ultra_ps_e has unconnected port test_adc_in[22]
WARNING: [Synth 8-3331] design zynq_ultra_ps_e_v3_3_1_zynq_ultra_ps_e has unconnected port test_adc_in[21]
WARNING: [Synth 8-3331] design zynq_ultra_ps_e_v3_3_1_zynq_ultra_ps_e has unconnected port test_adc_in[20]
WARNING: [Synth 8-3331] design zynq_ultra_ps_e_v3_3_1_zynq_ultra_ps_e has unconnected port test_adc_in[19]
WARNING: [Synth 8-3331] design zynq_ultra_ps_e_v3_3_1_zynq_ultra_ps_e has unconnected port test_adc_in[18]
WARNING: [Synth 8-3331] design zynq_ultra_ps_e_v3_3_1_zynq_ultra_ps_e has unconnected port test_adc_in[17]
WARNING: [Synth 8-3331] design zynq_ultra_ps_e_v3_3_1_zynq_ultra_ps_e has unconnected port test_adc_in[16]
WARNING: [Synth 8-3331] design zynq_ultra_ps_e_v3_3_1_zynq_ultra_ps_e has unconnected port test_adc_in[15]
WARNING: [Synth 8-3331] design zynq_ultra_ps_e_v3_3_1_zynq_ultra_ps_e has unconnected port test_adc_in[14]
WARNING: [Synth 8-3331] design zynq_ultra_ps_e_v3_3_1_zynq_ultra_ps_e has unconnected port test_adc_in[13]
WARNING: [Synth 8-3331] design zynq_ultra_ps_e_v3_3_1_zynq_ultra_ps_e has unconnected port test_adc_in[12]
WARNING: [Synth 8-3331] design zynq_ultra_ps_e_v3_3_1_zynq_ultra_ps_e has unconnected port test_adc_in[11]
WARNING: [Synth 8-3331] design zynq_ultra_ps_e_v3_3_1_zynq_ultra_ps_e has unconnected port test_adc_in[10]
WARNING: [Synth 8-3331] design zynq_ultra_ps_e_v3_3_1_zynq_ultra_ps_e has unconnected port test_adc_in[9]
WARNING: [Synth 8-3331] design zynq_ultra_ps_e_v3_3_1_zynq_ultra_ps_e has unconnected port test_adc_in[8]
WARNING: [Synth 8-3331] design zynq_ultra_ps_e_v3_3_1_zynq_ultra_ps_e has unconnected port test_adc_in[7]
WARNING: [Synth 8-3331] design zynq_ultra_ps_e_v3_3_1_zynq_ultra_ps_e has unconnected port test_adc_in[6]
WARNING: [Synth 8-3331] design zynq_ultra_ps_e_v3_3_1_zynq_ultra_ps_e has unconnected port test_adc_in[5]
WARNING: [Synth 8-3331] design zynq_ultra_ps_e_v3_3_1_zynq_ultra_ps_e has unconnected port test_adc_in[4]
WARNING: [Synth 8-3331] design zynq_ultra_ps_e_v3_3_1_zynq_ultra_ps_e has unconnected port test_adc_in[3]
WARNING: [Synth 8-3331] design zynq_ultra_ps_e_v3_3_1_zynq_ultra_ps_e has unconnected port test_adc_in[2]
WARNING: [Synth 8-3331] design zynq_ultra_ps_e_v3_3_1_zynq_ultra_ps_e has unconnected port test_adc_in[1]
WARNING: [Synth 8-3331] design zynq_ultra_ps_e_v3_3_1_zynq_ultra_ps_e has unconnected port test_adc_in[0]
WARNING: [Synth 8-3331] design zynq_ultra_ps_e_v3_3_1_zynq_ultra_ps_e has unconnected port test_adc2_in[31]
WARNING: [Synth 8-3331] design zynq_ultra_ps_e_v3_3_1_zynq_ultra_ps_e has unconnected port test_adc2_in[30]
WARNING: [Synth 8-3331] design zynq_ultra_ps_e_v3_3_1_zynq_ultra_ps_e has unconnected port test_adc2_in[29]
WARNING: [Synth 8-3331] design zynq_ultra_ps_e_v3_3_1_zynq_ultra_ps_e has unconnected port test_adc2_in[28]
WARNING: [Synth 8-3331] design zynq_ultra_ps_e_v3_3_1_zynq_ultra_ps_e has unconnected port test_adc2_in[27]
WARNING: [Synth 8-3331] design zynq_ultra_ps_e_v3_3_1_zynq_ultra_ps_e has unconnected port test_adc2_in[26]
WARNING: [Synth 8-3331] design zynq_ultra_ps_e_v3_3_1_zynq_ultra_ps_e has unconnected port test_adc2_in[25]
WARNING: [Synth 8-3331] design zynq_ultra_ps_e_v3_3_1_zynq_ultra_ps_e has unconnected port test_adc2_in[24]
WARNING: [Synth 8-3331] design zynq_ultra_ps_e_v3_3_1_zynq_ultra_ps_e has unconnected port test_adc2_in[23]
WARNING: [Synth 8-3331] design zynq_ultra_ps_e_v3_3_1_zynq_ultra_ps_e has unconnected port test_adc2_in[22]
WARNING: [Synth 8-3331] design zynq_ultra_ps_e_v3_3_1_zynq_ultra_ps_e has unconnected port test_adc2_in[21]
WARNING: [Synth 8-3331] design zynq_ultra_ps_e_v3_3_1_zynq_ultra_ps_e has unconnected port test_adc2_in[20]
WARNING: [Synth 8-3331] design zynq_ultra_ps_e_v3_3_1_zynq_ultra_ps_e has unconnected port test_adc2_in[19]
WARNING: [Synth 8-3331] design zynq_ultra_ps_e_v3_3_1_zynq_ultra_ps_e has unconnected port test_adc2_in[18]
WARNING: [Synth 8-3331] design zynq_ultra_ps_e_v3_3_1_zynq_ultra_ps_e has unconnected port test_adc2_in[17]
WARNING: [Synth 8-3331] design zynq_ultra_ps_e_v3_3_1_zynq_ultra_ps_e has unconnected port test_adc2_in[16]
WARNING: [Synth 8-3331] design zynq_ultra_ps_e_v3_3_1_zynq_ultra_ps_e has unconnected port test_adc2_in[15]
WARNING: [Synth 8-3331] design zynq_ultra_ps_e_v3_3_1_zynq_ultra_ps_e has unconnected port test_adc2_in[14]
WARNING: [Synth 8-3331] design zynq_ultra_ps_e_v3_3_1_zynq_ultra_ps_e has unconnected port test_adc2_in[13]
WARNING: [Synth 8-3331] design zynq_ultra_ps_e_v3_3_1_zynq_ultra_ps_e has unconnected port test_adc2_in[12]
WARNING: [Synth 8-3331] design zynq_ultra_ps_e_v3_3_1_zynq_ultra_ps_e has unconnected port test_adc2_in[11]
WARNING: [Synth 8-3331] design zynq_ultra_ps_e_v3_3_1_zynq_ultra_ps_e has unconnected port test_adc2_in[10]
WARNING: [Synth 8-3331] design zynq_ultra_ps_e_v3_3_1_zynq_ultra_ps_e has unconnected port test_adc2_in[9]
WARNING: [Synth 8-3331] design zynq_ultra_ps_e_v3_3_1_zynq_ultra_ps_e has unconnected port test_adc2_in[8]
WARNING: [Synth 8-3331] design zynq_ultra_ps_e_v3_3_1_zynq_ultra_ps_e has unconnected port test_adc2_in[7]
INFO: [Common 17-14] Message 'Synth 8-3331' appears 100 times and further instances of the messages will be disabled. Use the Tcl command set_msg_config to change the current settings.
---------------------------------------------------------------------------------
Finished RTL Elaboration : Time (s): cpu = 00:00:10 ; elapsed = 00:00:19 . Memory (MB): peak = 1525.715 ; gain = 131.023
---------------------------------------------------------------------------------

Report Check Netlist: 
+------+------------------+-------+---------+-------+------------------+
|      |Item              |Errors |Warnings |Status |Description       |
+------+------------------+-------+---------+-------+------------------+
|1     |multi_driven_nets |      0|        0|Passed |Multi driven nets |
+------+------------------+-------+---------+-------+------------------+
---------------------------------------------------------------------------------
Start Handling Custom Attributes
---------------------------------------------------------------------------------
---------------------------------------------------------------------------------
Finished Handling Custom Attributes : Time (s): cpu = 00:00:11 ; elapsed = 00:00:21 . Memory (MB): peak = 1525.715 ; gain = 131.023
---------------------------------------------------------------------------------
---------------------------------------------------------------------------------
Finished RTL Optimization Phase 1 : Time (s): cpu = 00:00:11 ; elapsed = 00:00:21 . Memory (MB): peak = 1525.715 ; gain = 131.023
---------------------------------------------------------------------------------
Netlist sorting complete. Time (s): cpu = 00:00:00 ; elapsed = 00:00:00.131 . Memory (MB): peak = 1525.715 ; gain = 0.000
INFO: [Project 1-570] Preparing netlist for logic optimization

Processing XDC Constraints
Initializing timing engine
Parsing XDC File [c:/Users/danie/Documents/GitHub/regex_coprocessor_safe/proj/regex_copro/regex_copro.srcs/sources_1/bd/re2_copro/ip/re2_copro_zynq_ultra_ps_e_0_0/re2_copro_zynq_ultra_ps_e_0_0_ooc.xdc] for cell 'inst'
Finished Parsing XDC File [c:/Users/danie/Documents/GitHub/regex_coprocessor_safe/proj/regex_copro/regex_copro.srcs/sources_1/bd/re2_copro/ip/re2_copro_zynq_ultra_ps_e_0_0/re2_copro_zynq_ultra_ps_e_0_0_ooc.xdc] for cell 'inst'
Parsing XDC File [c:/Users/danie/Documents/GitHub/regex_coprocessor_safe/proj/regex_copro/regex_copro.srcs/sources_1/bd/re2_copro/ip/re2_copro_zynq_ultra_ps_e_0_0/re2_copro_zynq_ultra_ps_e_0_0.xdc] for cell 'inst'
create_clock: Time (s): cpu = 00:00:08 ; elapsed = 00:00:09 . Memory (MB): peak = 1556.535 ; gain = 22.250
Finished Parsing XDC File [c:/Users/danie/Documents/GitHub/regex_coprocessor_safe/proj/regex_copro/regex_copro.srcs/sources_1/bd/re2_copro/ip/re2_copro_zynq_ultra_ps_e_0_0/re2_copro_zynq_ultra_ps_e_0_0.xdc] for cell 'inst'
Parsing XDC File [C:/Users/danie/Documents/GitHub/regex_coprocessor_safe/proj/regex_copro/regex_copro.runs/re2_copro_zynq_ultra_ps_e_0_0_synth_1/dont_touch.xdc]
Finished Parsing XDC File [C:/Users/danie/Documents/GitHub/regex_coprocessor_safe/proj/regex_copro/regex_copro.runs/re2_copro_zynq_ultra_ps_e_0_0_synth_1/dont_touch.xdc]
Completed Processing XDC Constraints

Netlist sorting complete. Time (s): cpu = 00:00:00 ; elapsed = 00:00:00 . Memory (MB): peak = 1556.535 ; gain = 0.000
INFO: [Project 1-111] Unisim Transformation Summary:
No Unisim elements were transformed.

Constraint Validation Runtime : Time (s): cpu = 00:00:00 ; elapsed = 00:00:00.111 . Memory (MB): peak = 1556.535 ; gain = 0.000
---------------------------------------------------------------------------------
Finished Constraint Validation : Time (s): cpu = 00:00:32 ; elapsed = 00:00:46 . Memory (MB): peak = 1556.535 ; gain = 161.844
---------------------------------------------------------------------------------
---------------------------------------------------------------------------------
Start Loading Part and Timing Information
---------------------------------------------------------------------------------
Loading part: xczu3eg-sbva484-1-i
INFO: [Synth 8-6742] Reading net delay rules and data
---------------------------------------------------------------------------------
Finished Loading Part and Timing Information : Time (s): cpu = 00:00:32 ; elapsed = 00:00:46 . Memory (MB): peak = 1556.535 ; gain = 161.844
---------------------------------------------------------------------------------
---------------------------------------------------------------------------------
Start Applying 'set_property' XDC Constraints
---------------------------------------------------------------------------------
Applied set_property DONT_TOUCH = true for inst/PS8_i. (constraint file  c:/Users/danie/Documents/GitHub/regex_coprocessor_safe/proj/regex_copro/regex_copro.srcs/sources_1/bd/re2_copro/ip/re2_copro_zynq_ultra_ps_e_0_0/re2_copro_zynq_ultra_ps_e_0_0.xdc, line 25).
Applied set_property DONT_TOUCH = true for inst. (constraint file  C:/Users/danie/Documents/GitHub/regex_coprocessor_safe/proj/regex_copro/regex_copro.runs/re2_copro_zynq_ultra_ps_e_0_0_synth_1/dont_touch.xdc, line 9).
---------------------------------------------------------------------------------
Finished applying 'set_property' XDC Constraints : Time (s): cpu = 00:00:32 ; elapsed = 00:00:46 . Memory (MB): peak = 1556.535 ; gain = 161.844
---------------------------------------------------------------------------------
---------------------------------------------------------------------------------
Finished RTL Optimization Phase 2 : Time (s): cpu = 00:00:34 ; elapsed = 00:00:48 . Memory (MB): peak = 1556.535 ; gain = 161.844
---------------------------------------------------------------------------------

Report RTL Partitions: 
+-+--------------+------------+----------+
| |RTL Partition |Replication |Instances |
+-+--------------+------------+----------+
+-+--------------+------------+----------+
---------------------------------------------------------------------------------
Start RTL Component Statistics 
---------------------------------------------------------------------------------
Detailed RTL Component Info : 
+---Registers : 
	                1 Bit    Registers := 1     
---------------------------------------------------------------------------------
Finished RTL Component Statistics 
---------------------------------------------------------------------------------
---------------------------------------------------------------------------------
Start RTL Hierarchical Component Statistics 
---------------------------------------------------------------------------------
Hierarchical RTL Component report 
Module zynq_ultra_ps_e_v3_3_1_zynq_ultra_ps_e 
Detailed RTL Component Info : 
+---Registers : 
	                1 Bit    Registers := 1     
---------------------------------------------------------------------------------
Finished RTL Hierarchical Component Statistics
---------------------------------------------------------------------------------
---------------------------------------------------------------------------------
Start Part Resource Summary
---------------------------------------------------------------------------------
Part Resources:
DSPs: 360 (col length:72)
BRAMs: 432 (col length: RAMB18 72 RAMB36 36)
---------------------------------------------------------------------------------
Finished Part Resource Summary
---------------------------------------------------------------------------------
---------------------------------------------------------------------------------
Start Cross Boundary and Area Optimization
---------------------------------------------------------------------------------
Warning: Parallel synthesis criteria is not met 
---------------------------------------------------------------------------------
Finished Cross Boundary and Area Optimization : Time (s): cpu = 00:00:37 ; elapsed = 00:00:52 . Memory (MB): peak = 1556.535 ; gain = 161.844
---------------------------------------------------------------------------------

Report RTL Partitions: 
+-+--------------+------------+----------+
| |RTL Partition |Replication |Instances |
+-+--------------+------------+----------+
+-+--------------+------------+----------+
---------------------------------------------------------------------------------
Start Applying XDC Timing Constraints
---------------------------------------------------------------------------------
---------------------------------------------------------------------------------
Finished Applying XDC Timing Constraints : Time (s): cpu = 00:01:00 ; elapsed = 00:01:32 . Memory (MB): peak = 3215.250 ; gain = 1820.559
---------------------------------------------------------------------------------
---------------------------------------------------------------------------------
Start Timing Optimization
---------------------------------------------------------------------------------
---------------------------------------------------------------------------------
Finished Timing Optimization : Time (s): cpu = 00:01:00 ; elapsed = 00:01:32 . Memory (MB): peak = 3241.523 ; gain = 1846.832
---------------------------------------------------------------------------------

Report RTL Partitions: 
+-+--------------+------------+----------+
| |RTL Partition |Replication |Instances |
+-+--------------+------------+----------+
+-+--------------+------------+----------+
---------------------------------------------------------------------------------
Start Technology Mapping
---------------------------------------------------------------------------------
---------------------------------------------------------------------------------
Finished Technology Mapping : Time (s): cpu = 00:01:10 ; elapsed = 00:01:45 . Memory (MB): peak = 3252.242 ; gain = 1857.551
---------------------------------------------------------------------------------

Report RTL Partitions: 
+-+--------------+------------+----------+
| |RTL Partition |Replication |Instances |
+-+--------------+------------+----------+
+-+--------------+------------+----------+
---------------------------------------------------------------------------------
Start IO Insertion
---------------------------------------------------------------------------------
---------------------------------------------------------------------------------
Start Flattening Before IO Insertion
---------------------------------------------------------------------------------
---------------------------------------------------------------------------------
Finished Flattening Before IO Insertion
---------------------------------------------------------------------------------
---------------------------------------------------------------------------------
Start Final Netlist Cleanup
---------------------------------------------------------------------------------
---------------------------------------------------------------------------------
Finished Final Netlist Cleanup
---------------------------------------------------------------------------------
INFO: [Synth 8-3295] tying undriven pin trace_ctl_pipe[0]_inferred:in0 to constant 0
INFO: [Synth 8-3295] tying undriven pin trace_data_pipe[0]_inferred:in0[31] to constant 0
INFO: [Synth 8-3295] tying undriven pin trace_data_pipe[0]_inferred:in0[30] to constant 0
INFO: [Synth 8-3295] tying undriven pin trace_data_pipe[0]_inferred:in0[29] to constant 0
INFO: [Synth 8-3295] tying undriven pin trace_data_pipe[0]_inferred:in0[28] to constant 0
INFO: [Synth 8-3295] tying undriven pin trace_data_pipe[0]_inferred:in0[27] to constant 0
INFO: [Synth 8-3295] tying undriven pin trace_data_pipe[0]_inferred:in0[26] to constant 0
INFO: [Synth 8-3295] tying undriven pin trace_data_pipe[0]_inferred:in0[25] to constant 0
INFO: [Synth 8-3295] tying undriven pin trace_data_pipe[0]_inferred:in0[24] to constant 0
INFO: [Synth 8-3295] tying undriven pin trace_data_pipe[0]_inferred:in0[23] to constant 0
INFO: [Synth 8-3295] tying undriven pin trace_data_pipe[0]_inferred:in0[22] to constant 0
INFO: [Synth 8-3295] tying undriven pin trace_data_pipe[0]_inferred:in0[21] to constant 0
INFO: [Synth 8-3295] tying undriven pin trace_data_pipe[0]_inferred:in0[20] to constant 0
INFO: [Synth 8-3295] tying undriven pin trace_data_pipe[0]_inferred:in0[19] to constant 0
INFO: [Synth 8-3295] tying undriven pin trace_data_pipe[0]_inferred:in0[18] to constant 0
INFO: [Synth 8-3295] tying undriven pin trace_data_pipe[0]_inferred:in0[17] to constant 0
INFO: [Synth 8-3295] tying undriven pin trace_data_pipe[0]_inferred:in0[16] to constant 0
INFO: [Synth 8-3295] tying undriven pin trace_data_pipe[0]_inferred:in0[15] to constant 0
INFO: [Synth 8-3295] tying undriven pin trace_data_pipe[0]_inferred:in0[14] to constant 0
INFO: [Synth 8-3295] tying undriven pin trace_data_pipe[0]_inferred:in0[13] to constant 0
INFO: [Synth 8-3295] tying undriven pin trace_data_pipe[0]_inferred:in0[12] to constant 0
INFO: [Synth 8-3295] tying undriven pin trace_data_pipe[0]_inferred:in0[11] to constant 0
INFO: [Synth 8-3295] tying undriven pin trace_data_pipe[0]_inferred:in0[10] to constant 0
INFO: [Synth 8-3295] tying undriven pin trace_data_pipe[0]_inferred:in0[9] to constant 0
INFO: [Synth 8-3295] tying undriven pin trace_data_pipe[0]_inferred:in0[8] to constant 0
INFO: [Synth 8-3295] tying undriven pin trace_data_pipe[0]_inferred:in0[7] to constant 0
INFO: [Synth 8-3295] tying undriven pin trace_data_pipe[0]_inferred:in0[6] to constant 0
INFO: [Synth 8-3295] tying undriven pin trace_data_pipe[0]_inferred:in0[5] to constant 0
INFO: [Synth 8-3295] tying undriven pin trace_data_pipe[0]_inferred:in0[4] to constant 0
INFO: [Synth 8-3295] tying undriven pin trace_data_pipe[0]_inferred:in0[3] to constant 0
INFO: [Synth 8-3295] tying undriven pin trace_data_pipe[0]_inferred:in0[2] to constant 0
INFO: [Synth 8-3295] tying undriven pin trace_data_pipe[0]_inferred:in0[1] to constant 0
INFO: [Synth 8-3295] tying undriven pin trace_data_pipe[0]_inferred:in0[0] to constant 0
INFO: [Synth 8-3295] tying undriven pin trace_ctl_pipe[7]_inferred:in0 to constant 0
INFO: [Synth 8-3295] tying undriven pin trace_ctl_pipe[6]_inferred:in0 to constant 0
INFO: [Synth 8-3295] tying undriven pin trace_ctl_pipe[5]_inferred:in0 to constant 0
INFO: [Synth 8-3295] tying undriven pin trace_ctl_pipe[4]_inferred:in0 to constant 0
INFO: [Synth 8-3295] tying undriven pin trace_ctl_pipe[3]_inferred:in0 to constant 0
INFO: [Synth 8-3295] tying undriven pin trace_ctl_pipe[2]_inferred:in0 to constant 0
INFO: [Synth 8-3295] tying undriven pin trace_ctl_pipe[1]_inferred:in0 to constant 0
INFO: [Synth 8-3295] tying undriven pin trace_data_pipe[7]_inferred:in0[31] to constant 0
INFO: [Synth 8-3295] tying undriven pin trace_data_pipe[7]_inferred:in0[30] to constant 0
INFO: [Synth 8-3295] tying undriven pin trace_data_pipe[7]_inferred:in0[29] to constant 0
INFO: [Synth 8-3295] tying undriven pin trace_data_pipe[7]_inferred:in0[28] to constant 0
INFO: [Synth 8-3295] tying undriven pin trace_data_pipe[7]_inferred:in0[27] to constant 0
INFO: [Synth 8-3295] tying undriven pin trace_data_pipe[7]_inferred:in0[26] to constant 0
INFO: [Synth 8-3295] tying undriven pin trace_data_pipe[7]_inferred:in0[25] to constant 0
INFO: [Synth 8-3295] tying undriven pin trace_data_pipe[7]_inferred:in0[24] to constant 0
INFO: [Synth 8-3295] tying undriven pin trace_data_pipe[7]_inferred:in0[23] to constant 0
INFO: [Synth 8-3295] tying undriven pin trace_data_pipe[7]_inferred:in0[22] to constant 0
INFO: [Synth 8-3295] tying undriven pin trace_data_pipe[7]_inferred:in0[21] to constant 0
INFO: [Synth 8-3295] tying undriven pin trace_data_pipe[7]_inferred:in0[20] to constant 0
INFO: [Synth 8-3295] tying undriven pin trace_data_pipe[7]_inferred:in0[19] to constant 0
INFO: [Synth 8-3295] tying undriven pin trace_data_pipe[7]_inferred:in0[18] to constant 0
INFO: [Synth 8-3295] tying undriven pin trace_data_pipe[7]_inferred:in0[17] to constant 0
INFO: [Synth 8-3295] tying undriven pin trace_data_pipe[7]_inferred:in0[16] to constant 0
INFO: [Synth 8-3295] tying undriven pin trace_data_pipe[7]_inferred:in0[15] to constant 0
INFO: [Synth 8-3295] tying undriven pin trace_data_pipe[7]_inferred:in0[14] to constant 0
INFO: [Synth 8-3295] tying undriven pin trace_data_pipe[7]_inferred:in0[13] to constant 0
INFO: [Synth 8-3295] tying undriven pin trace_data_pipe[7]_inferred:in0[12] to constant 0
INFO: [Synth 8-3295] tying undriven pin trace_data_pipe[7]_inferred:in0[11] to constant 0
INFO: [Synth 8-3295] tying undriven pin trace_data_pipe[7]_inferred:in0[10] to constant 0
INFO: [Synth 8-3295] tying undriven pin trace_data_pipe[7]_inferred:in0[9] to constant 0
INFO: [Synth 8-3295] tying undriven pin trace_data_pipe[7]_inferred:in0[8] to constant 0
INFO: [Synth 8-3295] tying undriven pin trace_data_pipe[7]_inferred:in0[7] to constant 0
INFO: [Synth 8-3295] tying undriven pin trace_data_pipe[7]_inferred:in0[6] to constant 0
INFO: [Synth 8-3295] tying undriven pin trace_data_pipe[7]_inferred:in0[5] to constant 0
INFO: [Synth 8-3295] tying undriven pin trace_data_pipe[7]_inferred:in0[4] to constant 0
INFO: [Synth 8-3295] tying undriven pin trace_data_pipe[7]_inferred:in0[3] to constant 0
INFO: [Synth 8-3295] tying undriven pin trace_data_pipe[7]_inferred:in0[2] to constant 0
INFO: [Synth 8-3295] tying undriven pin trace_data_pipe[7]_inferred:in0[1] to constant 0
INFO: [Synth 8-3295] tying undriven pin trace_data_pipe[7]_inferred:in0[0] to constant 0
INFO: [Synth 8-3295] tying undriven pin trace_data_pipe[6]_inferred:in0[31] to constant 0
INFO: [Synth 8-3295] tying undriven pin trace_data_pipe[6]_inferred:in0[30] to constant 0
INFO: [Synth 8-3295] tying undriven pin trace_data_pipe[6]_inferred:in0[29] to constant 0
INFO: [Synth 8-3295] tying undriven pin trace_data_pipe[6]_inferred:in0[28] to constant 0
INFO: [Synth 8-3295] tying undriven pin trace_data_pipe[6]_inferred:in0[27] to constant 0
INFO: [Synth 8-3295] tying undriven pin trace_data_pipe[6]_inferred:in0[26] to constant 0
INFO: [Synth 8-3295] tying undriven pin trace_data_pipe[6]_inferred:in0[25] to constant 0
INFO: [Synth 8-3295] tying undriven pin trace_data_pipe[6]_inferred:in0[24] to constant 0
INFO: [Synth 8-3295] tying undriven pin trace_data_pipe[6]_inferred:in0[23] to constant 0
INFO: [Synth 8-3295] tying undriven pin trace_data_pipe[6]_inferred:in0[22] to constant 0
INFO: [Synth 8-3295] tying undriven pin trace_data_pipe[6]_inferred:in0[21] to constant 0
INFO: [Synth 8-3295] tying undriven pin trace_data_pipe[6]_inferred:in0[20] to constant 0
INFO: [Synth 8-3295] tying undriven pin trace_data_pipe[6]_inferred:in0[19] to constant 0
INFO: [Synth 8-3295] tying undriven pin trace_data_pipe[6]_inferred:in0[18] to constant 0
INFO: [Synth 8-3295] tying undriven pin trace_data_pipe[6]_inferred:in0[17] to constant 0
INFO: [Synth 8-3295] tying undriven pin trace_data_pipe[6]_inferred:in0[16] to constant 0
INFO: [Synth 8-3295] tying undriven pin trace_data_pipe[6]_inferred:in0[15] to constant 0
INFO: [Synth 8-3295] tying undriven pin trace_data_pipe[6]_inferred:in0[14] to constant 0
INFO: [Synth 8-3295] tying undriven pin trace_data_pipe[6]_inferred:in0[13] to constant 0
INFO: [Synth 8-3295] tying undriven pin trace_data_pipe[6]_inferred:in0[12] to constant 0
INFO: [Synth 8-3295] tying undriven pin trace_data_pipe[6]_inferred:in0[11] to constant 0
INFO: [Synth 8-3295] tying undriven pin trace_data_pipe[6]_inferred:in0[10] to constant 0
INFO: [Synth 8-3295] tying undriven pin trace_data_pipe[6]_inferred:in0[9] to constant 0
INFO: [Synth 8-3295] tying undriven pin trace_data_pipe[6]_inferred:in0[8] to constant 0
INFO: [Synth 8-3295] tying undriven pin trace_data_pipe[6]_inferred:in0[7] to constant 0
INFO: [Synth 8-3295] tying undriven pin trace_data_pipe[6]_inferred:in0[6] to constant 0
INFO: [Synth 8-3295] tying undriven pin trace_data_pipe[6]_inferred:in0[5] to constant 0
INFO: [Synth 8-3295] tying undriven pin trace_data_pipe[6]_inferred:in0[4] to constant 0
INFO: [Common 17-14] Message 'Synth 8-3295' appears 100 times and further instances of the messages will be disabled. Use the Tcl command set_msg_config to change the current settings.
---------------------------------------------------------------------------------
Finished IO Insertion : Time (s): cpu = 00:01:22 ; elapsed = 00:02:01 . Memory (MB): peak = 3267.098 ; gain = 1872.406
---------------------------------------------------------------------------------
---------------------------------------------------------------------------------
Start Renaming Generated Instances
---------------------------------------------------------------------------------
---------------------------------------------------------------------------------
Finished Renaming Generated Instances : Time (s): cpu = 00:01:22 ; elapsed = 00:02:01 . Memory (MB): peak = 3267.098 ; gain = 1872.406
---------------------------------------------------------------------------------

Report RTL Partitions: 
+-+--------------+------------+----------+
| |RTL Partition |Replication |Instances |
+-+--------------+------------+----------+
+-+--------------+------------+----------+

Report Check Netlist: 
+------+------------------+-------+---------+-------+------------------+
|      |Item              |Errors |Warnings |Status |Description       |
+------+------------------+-------+---------+-------+------------------+
|1     |multi_driven_nets |      0|        0|Passed |Multi driven nets |
+------+------------------+-------+---------+-------+------------------+
---------------------------------------------------------------------------------
Start Rebuilding User Hierarchy
---------------------------------------------------------------------------------
---------------------------------------------------------------------------------
Finished Rebuilding User Hierarchy : Time (s): cpu = 00:01:23 ; elapsed = 00:02:01 . Memory (MB): peak = 3267.098 ; gain = 1872.406
---------------------------------------------------------------------------------
---------------------------------------------------------------------------------
Start Renaming Generated Ports
---------------------------------------------------------------------------------
---------------------------------------------------------------------------------
Finished Renaming Generated Ports : Time (s): cpu = 00:01:23 ; elapsed = 00:02:01 . Memory (MB): peak = 3267.098 ; gain = 1872.406
---------------------------------------------------------------------------------
---------------------------------------------------------------------------------
Start Handling Custom Attributes
---------------------------------------------------------------------------------
---------------------------------------------------------------------------------
Finished Handling Custom Attributes : Time (s): cpu = 00:01:23 ; elapsed = 00:02:01 . Memory (MB): peak = 3267.098 ; gain = 1872.406
---------------------------------------------------------------------------------
---------------------------------------------------------------------------------
Start Renaming Generated Nets
---------------------------------------------------------------------------------
---------------------------------------------------------------------------------
Finished Renaming Generated Nets : Time (s): cpu = 00:01:23 ; elapsed = 00:02:01 . Memory (MB): peak = 3267.098 ; gain = 1872.406
---------------------------------------------------------------------------------
---------------------------------------------------------------------------------
Start Writing Synthesis Report
---------------------------------------------------------------------------------

Report BlackBoxes: 
+-+--------------+----------+
| |BlackBox name |Instances |
+-+--------------+----------+
+-+--------------+----------+

Report Cell Usage: 
+------+--------+------+
|      |Cell    |Count |
+------+--------+------+
|1     |BUFG_PS |     1|
|2     |LUT1    |   292|
|3     |PS8     |     1|
|4     |FDRE    |     1|
+------+--------+------+

Report Instance Areas: 
+------+---------+---------------------------------------+------+
|      |Instance |Module                                 |Cells |
+------+---------+---------------------------------------+------+
|1     |top      |                                       |   295|
|2     |  inst   |zynq_ultra_ps_e_v3_3_1_zynq_ultra_ps_e |   295|
+------+---------+---------------------------------------+------+
---------------------------------------------------------------------------------
Finished Writing Synthesis Report : Time (s): cpu = 00:01:23 ; elapsed = 00:02:01 . Memory (MB): peak = 3267.098 ; gain = 1872.406
---------------------------------------------------------------------------------
Synthesis finished with 0 errors, 0 critical warnings and 569 warnings.
Synthesis Optimization Runtime : Time (s): cpu = 00:00:58 ; elapsed = 00:01:45 . Memory (MB): peak = 3267.098 ; gain = 1841.586
Synthesis Optimization Complete : Time (s): cpu = 00:01:23 ; elapsed = 00:02:01 . Memory (MB): peak = 3267.098 ; gain = 1872.406
INFO: [Project 1-571] Translating synthesized netlist
Netlist sorting complete. Time (s): cpu = 00:00:00 ; elapsed = 00:00:00.256 . Memory (MB): peak = 3267.098 ; gain = 0.000
INFO: [Project 1-570] Preparing netlist for logic optimization
INFO: [Opt 31-138] Pushed 0 inverter(s) to 0 load pin(s).
Netlist sorting complete. Time (s): cpu = 00:00:00 ; elapsed = 00:00:00.001 . Memory (MB): peak = 3294.398 ; gain = 0.000
INFO: [Project 1-111] Unisim Transformation Summary:
No Unisim elements were transformed.

INFO: [Common 17-83] Releasing license: Synthesis
125 Infos, 113 Warnings, 0 Critical Warnings and 0 Errors encountered.
synth_design completed successfully
synth_design: Time (s): cpu = 00:01:44 ; elapsed = 00:02:35 . Memory (MB): peak = 3294.398 ; gain = 2801.812
Netlist sorting complete. Time (s): cpu = 00:00:00 ; elapsed = 00:00:00 . Memory (MB): peak = 3294.398 ; gain = 0.000
WARNING: [Constraints 18-5210] No constraints selected for write.
Resolution: This message can indicate that there are no constraints for the design, or it can indicate that the used_in flags are set such that the constraints are ignored. This later case is used when running synth_design to not write synthesis constraints to the resulting checkpoint. Instead, project constraints are read when the synthesized design is opened.
INFO: [Common 17-1381] The checkpoint 'C:/Users/danie/Documents/GitHub/regex_coprocessor_safe/proj/regex_copro/regex_copro.runs/re2_copro_zynq_ultra_ps_e_0_0_synth_1/re2_copro_zynq_ultra_ps_e_0_0.dcp' has been generated.
WARNING: [Common 17-576] 'use_project_ipc' is deprecated. This option is deprecated and no longer used.
INFO: [Coretcl 2-1648] Added synthesis output to IP cache for IP re2_copro_zynq_ultra_ps_e_0_0, cache-ID = d951f6d6c5c58f23
Netlist sorting complete. Time (s): cpu = 00:00:00 ; elapsed = 00:00:00 . Memory (MB): peak = 3294.398 ; gain = 0.000
WARNING: [Constraints 18-5210] No constraints selected for write.
Resolution: This message can indicate that there are no constraints for the design, or it can indicate that the used_in flags are set such that the constraints are ignored. This later case is used when running synth_design to not write synthesis constraints to the resulting checkpoint. Instead, project constraints are read when the synthesized design is opened.
INFO: [Common 17-1381] The checkpoint 'C:/Users/danie/Documents/GitHub/regex_coprocessor_safe/proj/regex_copro/regex_copro.runs/re2_copro_zynq_ultra_ps_e_0_0_synth_1/re2_copro_zynq_ultra_ps_e_0_0.dcp' has been generated.
INFO: [runtcl-4] Executing : report_utilization -file re2_copro_zynq_ultra_ps_e_0_0_utilization_synth.rpt -pb re2_copro_zynq_ultra_ps_e_0_0_utilization_synth.pb
INFO: [Common 17-206] Exiting Vivado at Fri Feb 12 18:40:27 2021...
