Copyright 1986-2019 Xilinx, Inc. All Rights Reserved.
------------------------------------------------------------------------------------
| Tool Version : Vivado v.2019.2 (win64) Build 2708876 Wed Nov  6 21:40:23 MST 2019
| Date         : Fri Feb 12 18:36:51 2021
| Host         : DESKTOP-K2FOLNH running 64-bit major release  (build 9200)
| Command      : upgrade_ip
| Device       : xczu3eg-sbva484-1-i
------------------------------------------------------------------------------------

Upgrade Log for IP 're2_copro_re2_copro_0_1'

1. Summary
----------

SUCCESS in the upgrade of re2_copro_re2_copro_0_1 (xilinx.com:user:re2_copro:1) from (Rev. 3) to (Rev. 4)






Copyright 1986-2019 Xilinx, Inc. All Rights Reserved.
------------------------------------------------------------------------------------
| Tool Version : Vivado v.2019.2 (win64) Build 2708876 Wed Nov  6 21:40:23 MST 2019
| Date         : Fri Feb 12 18:31:35 2021
| Host         : DESKTOP-K2FOLNH running 64-bit major release  (build 9200)
| Command      : upgrade_ip
| Device       : xczu3eg-sbva484-1-i
------------------------------------------------------------------------------------

Upgrade Log for IP 're2_copro_re2_copro_0_1'

1. Summary
----------

CAUTION (success, with warnings) in the upgrade of re2_copro_re2_copro_0_1 (xilinx.com:user:re2_copro:1) from (Rev. 1) to (Rev. 3)

After upgrade, an IP may have parameter and port differences compared to the original customization. Please review the parameters within the IP customization GUI to ensure proper functionality. Also, please review the updated IP instantiation template to ensure proper connectivity, and update your design if required.

2. Connection Warnings
----------------------

Detected external port differences while upgrading 're2_copro_re2_copro_0_1'. These changes may impact your design.


-Upgraded port order differs after port 's00_axi_aclk'


