Copyright 1986-2019 Xilinx, Inc. All Rights Reserved.
-------------------------------------------------------------------------------------------------------------------------------------------------------------------------
| Tool Version     : Vivado v.2019.2 (win64) Build 2708876 Wed Nov  6 21:40:23 MST 2019
| Date             : Fri Feb 12 18:54:14 2021
| Host             : DESKTOP-K2FOLNH running 64-bit major release  (build 9200)
| Command          : report_power -file re2_copro_wrapper_power_routed.rpt -pb re2_copro_wrapper_power_summary_routed.pb -rpx re2_copro_wrapper_power_routed.rpx
| Design           : re2_copro_wrapper
| Device           : xczu3eg-sbva484-1-i
| Design State     : routed
| Grade            : industrial
| Process          : typical
| Characterization : Production
-------------------------------------------------------------------------------------------------------------------------------------------------------------------------

Power Report

Table of Contents
-----------------
1. Summary
1.1 On-Chip Components
1.2 Power Supply Summary
1.3 Confidence Level
2. Settings
2.1 Environment
2.2 Clock Constraints
3. Detailed Reports
3.1 By Hierarchy

1. Summary
----------

+--------------------------+--------------+
| Total On-Chip Power (W)  | 2.176        |
| Design Power Budget (W)  | Unspecified* |
| Power Budget Margin (W)  | NA           |
| Dynamic (W)              | 1.860        |
| Device Static (W)        | 0.316        |
| Effective TJA (C/W)      | 2.7          |
| Max Ambient (C)          | 94.0         |
| Junction Temperature (C) | 31.0         |
| Confidence Level         | Medium       |
| Setting File             | ---          |
| Simulation Activity File | ---          |
| Design Nets Matched      | NA           |
+--------------------------+--------------+
* Specify Design Power Budget using, set_operating_conditions -design_power_budget <value in Watts>


1.1 On-Chip Components
----------------------

+--------------------------+-----------+----------+-----------+-----------------+
| On-Chip                  | Power (W) | Used     | Available | Utilization (%) |
+--------------------------+-----------+----------+-----------+-----------------+
| Clocks                   |     0.013 |        3 |       --- |             --- |
| CLB Logic                |     0.016 |    11622 |       --- |             --- |
|   LUT as Logic           |     0.015 |     5148 |     70560 |            7.30 |
|   Register               |    <0.001 |     4467 |    141120 |            3.17 |
|   LUT as Shift Register  |    <0.001 |       91 |     28800 |            0.32 |
|   LUT as Distributed RAM |    <0.001 |      176 |     28800 |            0.61 |
|   CARRY8                 |    <0.001 |       34 |      8820 |            0.39 |
|   Others                 |     0.000 |      311 |       --- |             --- |
|   BUFG                   |     0.000 |        1 |        24 |            4.17 |
|   F7/F8 Muxes            |     0.000 |       16 |     70560 |            0.02 |
| Signals                  |     0.016 |    10549 |       --- |             --- |
| Block RAM                |     0.042 |       21 |       216 |            9.72 |
| PS8                      |     1.773 |        1 |       --- |             --- |
| Static Power             |     0.316 |          |           |                 |
|   PS Static              |     0.100 |          |           |                 |
|   PL Static              |     0.216 |          |           |                 |
| Total                    |     2.176 |          |           |                 |
+--------------------------+-----------+----------+-----------+-----------------+


1.2 Power Supply Summary
------------------------

+-----------------+-------------+-----------+-------------+------------+
| Source          | Voltage (V) | Total (A) | Dynamic (A) | Static (A) |
+-----------------+-------------+-----------+-------------+------------+
| Vccint          |       0.850 |     0.153 |       0.099 |      0.055 |
| Vccint_io       |       0.850 |     0.027 |       0.000 |      0.027 |
| Vccbram         |       0.850 |     0.004 |       0.003 |      0.001 |
| Vccaux          |       1.800 |     0.048 |       0.000 |      0.048 |
| Vccaux_io       |       1.800 |     0.025 |       0.000 |      0.025 |
| Vcco33          |       3.300 |     0.000 |       0.000 |      0.000 |
| Vcco25          |       2.500 |     0.000 |       0.000 |      0.000 |
| Vcco18          |       1.800 |     0.000 |       0.000 |      0.000 |
| Vcco15          |       1.500 |     0.000 |       0.000 |      0.000 |
| Vcco135         |       1.350 |     0.000 |       0.000 |      0.000 |
| Vcco12          |       1.200 |     0.000 |       0.000 |      0.000 |
| Vcco10          |       1.000 |     0.000 |       0.000 |      0.000 |
| Vccadc          |       1.800 |     0.008 |       0.000 |      0.008 |
| VCC_PSINTFP     |       0.850 |     0.972 |       0.935 |      0.037 |
| VCC_PSINTLP     |       0.850 |     0.316 |       0.309 |      0.008 |
| VPS_MGTRAVCC    |       0.850 |     0.135 |       0.134 |      0.001 |
| VCC_PSINTFP_DDR |       0.850 |     0.268 |       0.263 |      0.005 |
| VCC_PSPLL       |       1.200 |     0.051 |       0.049 |      0.002 |
| VPS_MGTRAVTT    |       1.800 |     0.034 |       0.033 |      0.001 |
| VCCO_PSDDR_504  |       1.200 |     0.249 |       0.215 |      0.034 |
| VCC_PSAUX       |       1.800 |     0.002 |       0.000 |      0.002 |
| VCC_PSBATT      |       1.200 |     0.000 |       0.000 |      0.000 |
| VCC_PSDDR_PLL   |       1.800 |     0.001 |       0.000 |      0.001 |
| VCCO_PSIO0_500  |       1.800 |     0.001 |       0.001 |      0.001 |
| VCCO_PSIO1_501  |       1.800 |     0.001 |       0.000 |      0.001 |
| VCCO_PSIO2_502  |       1.800 |     0.001 |       0.000 |      0.001 |
| VCCO_PSIO3_503  |       1.800 |     0.001 |       0.000 |      0.001 |
| VCC_PSADC       |       1.800 |     0.002 |       0.000 |      0.002 |
+-----------------+-------------+-----------+-------------+------------+


1.3 Confidence Level
--------------------

+-----------------------------+------------+------------------------------------------------+------------------------------------------------------------------------------------------------------------+
| User Input Data             | Confidence | Details                                        | Action                                                                                                     |
+-----------------------------+------------+------------------------------------------------+------------------------------------------------------------------------------------------------------------+
| Design implementation state | High       | Design is routed                               |                                                                                                            |
| Clock nodes activity        | High       | User specified more than 95% of clocks         |                                                                                                            |
| I/O nodes activity          | High       | User specified more than 95% of inputs         |                                                                                                            |
| Internal nodes activity     | Medium     | User specified less than 25% of internal nodes | Provide missing internal nodes activity with simulation results or by editing the "By Resource Type" views |
| Device models               | High       | Device models are Production                   |                                                                                                            |
|                             |            |                                                |                                                                                                            |
| Overall confidence level    | Medium     |                                                |                                                                                                            |
+-----------------------------+------------+------------------------------------------------+------------------------------------------------------------------------------------------------------------+


2. Settings
-----------

2.1 Environment
---------------

+-----------------------+--------------------------+
| Ambient Temp (C)      | 25.0                     |
| ThetaJA (C/W)         | 2.7                      |
| Airflow (LFM)         | 250                      |
| Heat Sink             | medium (Medium Profile)  |
| ThetaSA (C/W)         | 8.8                      |
| Board Selection       | medium (10"x10")         |
| # of Board Layers     | 12to15 (12 to 15 Layers) |
| Board Temperature (C) | 25.0                     |
+-----------------------+--------------------------+


2.2 Clock Constraints
---------------------

+----------+---------------------------------------------------------+-----------------+
| Clock    | Domain                                                  | Constraint (ns) |
+----------+---------------------------------------------------------+-----------------+
| clk_pl_0 | re2_copro_i/zynq_ultra_ps_e_0/inst/pl_clk_unbuffered[0] |            10.0 |
+----------+---------------------------------------------------------+-----------------+


3. Detailed Reports
-------------------

3.1 By Hierarchy
----------------

+-----------------------+-----------+
| Name                  | Power (W) |
+-----------------------+-----------+
| re2_copro_wrapper     |     1.860 |
|   re2_copro_i         |     1.860 |
|     ps8_0_axi_periph  |     0.015 |
|       s00_couplers    |     0.007 |
|       s01_couplers    |     0.007 |
|       xbar            |     0.001 |
|     re2_copro_0       |     0.070 |
|       inst            |     0.070 |
|     zynq_ultra_ps_e_0 |     1.775 |
|       inst            |     1.775 |
+-----------------------+-----------+


